LOG RESET AT 15-08-06 15:46
----------------------------------------------------------------------
----------- GCAL SYNC - 15-08-06 16:00 - MM_ENV=production -----------
----------------------------------------------------------------------
----------- GCAL SYNC - 15-08-06 17:00 - MM_ENV=production -----------
----------------------------------------------------------------------
----------- GCAL SYNC - 15-08-06 23:00 - MM_ENV=production -----------
CREATED: DO Skills Night * [2015-08-04]
CREATED: CANCELLED: Small Alpine: Billy's Peak [2015-08-07]
CREATED: Low Angle Skills Night [2015-08-11]
CREATED: Small Alpine Three Sister's Peak [2015-08-14]
CREATED: Starr King Small Alpine [2015-08-14]
CREATED: General Meeting [2015-08-17]
CREATED: Qrtly Leadership Mtg (backup date) [2015-08-19]
CREATED: Basic Technical Rescue * [2015-08-22]
CREATED: Tech Rescue Skills Night [2015-09-09]
CREATED: SAREX [2015-09-11]
CREATED: Search Management / OP 0 [2015-09-19]
CREATED: General Meeting [2015-09-21]
CREATED: Tech Rescue Skills Night [2015-09-30]
CREATED: Early Elections Close [2015-10-02]
CREATED: Search Practice [2015-10-03]
CREATED: Operations Leader Training [2015-10-04]
CREATED: Dog Flanking Training [2015-10-17]
CREATED: General Meeting [2015-10-19]
CREATED: Medical Skills * [2015-10-24]
CREATED: Elections Close [2015-11-13]
CREATED: General Meeting [2015-11-16]
CREATED: Adv. Search / Tracking / Low Angle * [2015-11-21]
CREATED: Practice Search * [2015-11-22]
CREATED: Holiday Party [2015-12-05]
CREATED: General Meeting (not 3rd Monday) [2015-12-14]
CREATED: BAMRU Dues Renewal [2015-12-15]
CREATED: Skills Weekend / Make-up Training * [2015-12-19]
CREATED: General Meeting  (not 3rd Monday) [2016-01-11]
CREATED: Qrtly Leadership Mtg [2016-01-20]
CREATED: Snow Skills * [2016-01-23]
CREATED: Guest Mock Search [2016-02-07]
CREATED: General Meeting (Not 3rd Monday) [2016-02-08]
CREATED: Snow and Ice Re-Accreditation [2016-03-05]
CREATED: General Meeting [2016-03-21]
----------------------------------------------------------------------
----------- GCAL SYNC - 15-08-07 05:00 - MM_ENV=production -----------
CREATED: TEST EVENT [2015-11-17]
