LOG RESET AT 16-01-08 00:00
----------------------------------------------------------------------
----------- GCAL SYNC - 16-01-10 19:20 - MM_ENV=production -----------
DELETED: "Snow Skills * [2016-01-23]" fb0pn8or4g52rivlcunut4ra58
CREATED: "Snow Skills * [2016-01-23]"
----------------------------------------------------------------------
----------- GCAL SYNC - 16-01-11 12:20 - MM_ENV=production -----------
DELETED: "Snow Skills * [2016-01-23]" 287ma3l2qcd0h0pujoohqqe95g
CREATED: "Snow Skills * [2016-01-23]"
----------------------------------------------------------------------
----------- GCAL SYNC - 16-01-12 08:20 - MM_ENV=production -----------
DELETED: "Snow and Ice Recert Skills Night [2016-01-27]" a10ahahqdqkd5ni3s61easdmfo
CREATED: "Snow and Ice Recert Skills Night [2016-01-27]"
----------------------------------------------------------------------
----------- GCAL SYNC - 16-01-12 09:40 - MM_ENV=production -----------
DELETED: "Snow and Ice Recert Skills Night [2016-01-27]" 82lilhva66uibqd2ugqeirigug
CREATED: "Snow and Ice Recert Skills Night [2016-01-27]"
----------------------------------------------------------------------
----------- GCAL SYNC - 16-01-12 15:40 - MM_ENV=production -----------
DELETED: "Snow Camping *G [2016-03-19]" 8lujmth0v6piagjfqon5hutmso
CREATED: "Snow Camping *G [2016-03-19]"
----------------------------------------------------------------------
----------- GCAL SYNC - 16-01-12 21:30 - MM_ENV=production -----------
DELETED: "General Meeting  (not 3rd Monday) [2015-01-12]" 9i0tt0aaa3tmjvg9sgajqdlsjc
DELETED: "Qrtly Leadership Mtg [2015-01-21]" pqp9ap2bbbrb0cppec67e6cfn8
DELETED: "Snow Skills [2015-01-24]" mgg488viojc7ka5ggrr5g6kdr0
DELETED: "Recert Skills Night [2015-01-28]" n8frddo2t9264u95tqlvu6fvas
DELETED: "MRA Recert Training [2015-02-07]" 844g9om2g0lnuelg4vn0gmih2k
DELETED: "Bay Area Joint MRA training [2015-02-07]" pkr2bg6l69tqd3o1p0cp4gjgbg
DELETED: "Guest Mock Search [2015-02-08]" ltp25sl4m37ftq73gv21bgahdo
DELETED: "General Meeting (Not 3rd Monday) [2015-02-09]" 17pa2l9usrii6barqhtu56svhc
DELETED: "BASARC MLPI (weekend 1) [2015-02-14]" fthnln2abjs6799dgqjbedhkqg
DELETED: "Recert Skills Night [2015-02-18]" b84h7j55d31fdpg06k7qbfa5bg
DELETED: "BASARC MLPI (weekend 2) [2015-02-21]" ppn285bn3v919lk2mpomb379sk
DELETED: "CRMRA Recert Prep Training  [2015-02-21]" uhlrga0vpt2159moi15ujktjko
DELETED: "SO Driver's Training Practical Component [2015-02-28]" ni8c8vprgq45guougkqu66ij48
DELETED: "Tech Rescue Re-Accreditation [2015-03-07]" muahf1vfv1svta442dsdno0228
DELETED: "General Meeting [2015-03-16]" tfunffano4724hmp60utqejvr4
DELETED: "Glacier / Crevasse Rescue [2015-03-28]" gkvi1s3h8l11r6d53pefrqufis
DELETED: "Marin SAR Training [2015-03-28]" lhih0efpqnkbthrphvit81urmg
DELETED: "General Meeting (not 3rd Monday) [2015-04-13]" j92s89e0jut2cs0s4kap54v928
DELETED: "SAR Basic * [2015-04-18]" 0rmkhp7scc9e1msq78ip2rnv9k
DELETED: "Trainee Applications Due [2015-04-27]" 86o3g261158k16fv5loravsuhs
DELETED: "Shasta Ski Mountaineering Training [2015-05-01]" qamjnfe36b8c62tk44r5k3bgu8
DELETED: "Qrtly Leadership Mtg [2015-05-06]" mr80ov50fekr36gigufg5qb3p4
DELETED: "Trainee Interviews -- Day 1 [2015-05-09]" db7okdn39r0ganj26rsqhju4k0
DELETED: "Trainee Interviews -- Day 2 [2015-05-10]" hlneqpr4714an6h3lnpcgck9ss
DELETED: "Trainee Class Announced [2015-05-15]" 3b2mnh8ottvrvjfjshtiopvfe0
DELETED: "General Meeting [2015-05-18]" 23fq1ojdfp3idqsomi2lmpvrlk
DELETED: "Navigation Skills * [2015-05-31]" 7j4vhj5ma11casvklktsgdij0g
DELETED: "Skills Night: Purcell Prusiks [2015-06-10]" tdbs2lig20l4q0is04u67k4jjs
DELETED: "General Meeting [2015-06-15]" pcum933d8qae5n6b7if61n9r18
DELETED: "Personal Rock Skills * [2015-06-20]" fm7qp05gcu3l45nm4qccf7v504
DELETED: "Western States 100 [2015-06-27]" dgl7lb5tfhd9p1m8h3mosdmo64
DELETED: "Small Alpine - Chiquito Pass [2015-07-10]" ack1h45pqbt6ddu7va845u8emk
DELETED: "Drivers Training: Classroom [2015-07-15]" 5dtpefpd0gl6hl8o63ase7c5vo
DELETED: "Drivers Training: Practical [2015-07-18]" hv0eabb92c3n3u4di27vmrnlms
DELETED: "General Meeting [2015-07-20]" nmo1d9105jl830f9kkk1sf2l6c
DELETED: "Lost Person Behavior Skills Night [2015-07-22]" hp5307vdn1lh0ood9d865ffii8
DELETED: "Low Angle Rescue * [2015-07-25]" l0e5irb5umgbtc7n8ddi066tg4
DELETED: "Search Practice/Helicopter Safety [2015-07-26]" v8ou6uv4d62nsf72ctqbu32up0
DELETED: "Qrtly Leadership Mtg [2015-07-29]" a4399cepfnko1etht4oh72ivu4
DELETED: "DO Skills Night * [2015-08-04]" kabfsuhne0862od4q882skfvk0
DELETED: "CANCELLED: Small Alpine: Billy's Peak [2015-08-07]" 2fdadqu6k3b1uff4q4d5q2sp7s
DELETED: "Low Angle Skills Night [2015-08-11]" fdffcdcbllskencvqfq975ti34
DELETED: "Starr King Small Alpine [2015-08-14]" 7ld3l4ncujshbin3ihr50h71a0
DELETED: "Small Alpine Three Sister's Peak [2015-08-14]" un9d0ier2sfoirmcneq3mup76k
DELETED: "General Meeting [2015-08-17]" erfiafcbkp9g88jtkg6h4vqnbo
DELETED: "Qrtly Leadership Mtg (backup date) [2015-08-19]" tgu38e0cs3e56nub1fa27c24go
DELETED: "Basic Technical Rescue * [2015-08-22]" of1cqm31hvblgcp1eu1e21js4k
DELETED: "Tech Rescue Skills Night [2015-09-09]" 4hf4og2uppfdc1i2e9e7j94k6g
DELETED: "SAREX [2015-09-11]" nf1frf8ffne50ht6aqi7tdn490
DELETED: "Search Management / OP 0 [2015-09-19]" gtqo4i4ncr2co448kvr810hkjs
DELETED: "General Meeting [2015-09-21]" dbkj6h8ni3sub9a8f3nbbocr8k
DELETED: "Small Alpine: Tenaya Canyon Descent  [2015-09-25]" 4jr098l69nbhbpej3gu41erkm8
DELETED: "Small Alpine: Tenaya Canyon Ascent [2015-09-25]" n8n7kr7r8vdqd6bg8ara11o2fg
DELETED: "Tech Rescue Skills Night [2015-09-30]" k3bprp4e83pjouou56163207tc
DELETED: "Search Practice [2015-10-03]" c9jksgrdjf3jlgo8so9rbc7oe8
DELETED: "Operations Leader Training [2015-10-04]" cnevc3iqm0iojelucbodojop3o
DELETED: "Early Election Nominations Close [2015-10-05]" 8mj5qd3g06lmqo4dnh7oacjrg0
DELETED: "Early Election Polls Close [2015-10-15]" hhp1pkcoij462ijsvvrovjte3c
DELETED: "Dog Flanking Training [2015-10-17]" cp5ka7sk1mougpev6gs5egbc8g
DELETED: "Truck On-Road Training [2015-10-18]" 2q9k67ghj2oe0nfpil8t85jvfg
DELETED: "General Meeting [2015-10-19]" e32cl89gqtccsbq3s7m3gr3sjo
DELETED: "Medical Skills * [2015-10-24]" rfc13emhrmc5uilg0p39dbkdlc
DELETED: "Balloon Dome Small Alpine [2015-10-29]" 1amic2dte5gdgq87ji1kntjqeg
DELETED: "General Election Nominations Close [2015-11-02]" er1cjvk7perpn8r82i79en1rr8
DELETED: " Qrtly Leadership Mtg [2015-11-11]" 1qvabalp4eeejgepv29pn8tts0
DELETED: "General Election Polls Close [2015-11-12]" buptcf6bb518k4l7upb51qile4
DELETED: "Skills Night: Nov. 12th [2015-11-12]" vsh4c2qistcifce00j4kdug5io
DELETED: "General Meeting [2015-11-16]" vssk68v7ru73banum8loib51u4
DELETED: "Adv. Search / Tracking / Low Angle * [2015-11-21]" q0j6f6jrk45lce93pitmjnfgrs
DELETED: "Practice Search * [2015-11-22]" bltet8n16k9g5v7t61l6q7uv3c
DELETED: "SO Drivers Training Classroom [2015-12-03]" 86hbbb7ed389cbo58qpisl7iio
DELETED: "Holiday Party [2015-12-05]" mrhakaglmfv74tol9fhko9rlfk
DELETED: "SO Drivers Training Practical [2015-12-12]" 0kpsfuh92hq8avgtta2hqkre1g
DELETED: "New Truck Training [2015-12-12]" 83neu67f7frss2gdu5koah2ig0
DELETED: "General Meeting (not 3rd Monday) [2015-12-14]" 2l7r3l3sagdli4pln1351knlho
DELETED: "BAMRU Dues Renewal [2015-12-15]" jgmr2n0fb2bv2tts7fu82bpuhk
DELETED: "Skills/Sign off weekend - Sunday [2015-12-20]" p9l09ma11ighb3dth3mipksq7o
DELETED: "General Meeting  (not 3rd Monday) [2016-01-11]" vpupq38o07ug9p6d1vt4mbaou4
DELETED: "Winter Gear Skills Night [2016-01-12]" jnnadequj95u797bh3m6cm93d8
DELETED: "Qrtly Leadership Mtg [2016-01-20]" 13fl6tro919m437v1d79opdlas
DELETED: "CRMRA Snow and Ice Workshop [2016-01-22]" i9huvggc1nejqe63ql8k94pu08
DELETED: "Snow Skills * [2016-01-23]" rq8ugqmtgt1gpr7apm0f7s7uo4
DELETED: "Snow and Ice Recert Skills Night [2016-01-27]" rlhk3irb710b3ve2dlbebo9fpc
DELETED: "MRA Business Meeting [2016-02-05]" r1fj0e9dm9bjgetdqhbb8i4o38
DELETED: "Snow and Ice Recert Prep: Tech Rescue Focus [2016-02-06]" ia46jvk85mnp4b0d5nt5fld3g8
DELETED: "Guest Mock Search G [2016-02-07]" ejm8v74f7c5g0qb6sdjin8ev84
DELETED: "General Meeting (Not 3rd Monday) [2016-02-08]" lf9ut2e0vrt07p5a5no1qffqb0
DELETED: "Snow and Ice Recert Skills Night [2016-02-10]" hhduhjk54l9q980s5uq7l675ac
DELETED: "CRMRA Snow and Ice Workshop [2016-02-19]" qicj9vsnd94b83ddgor9lbm3ks
DELETED: "Snow and Ice Recert Training [2016-02-20]" 4uqgkqpopuama272no5nncocok
DELETED: "Snow and Ice Re-Accreditation [2016-03-05]" bo72oe58huc94ddoi80j9fatek
DELETED: "Snow Camping *G [2016-03-19]" v1k4eir2l5cbstm9q9t5ji117o
DELETED: "General Meeting [2016-03-21]" 64ko4v93ooprnipun9lmokkbgo
DELETED: "General Meeting (not 3rd Monday) [2016-04-11]" clae1vebvi4gjcpcpp8b0uejns
DELETED: "SAR Basic *G [2016-04-16]" 5rr69migmb8krhknkdm14h4afg
DELETED: "Quarterly Leadership meeting [2016-04-20]" 7folmgkdoh163n81vv744erblg
DELETED: "Trainee Applications Due [2016-04-25]" 28l2fdh05e88vataboevd76ktk
DELETED: "Trainee Interviews [2016-05-07]" 0a4bq56ugioi34a19rklui9bq4
DELETED: "Trainee Class Announced [2016-05-13]" gpbeb5cee7brk3fmi4lnogkvbs
DELETED: "General Meeting [2016-05-16]" un8jsqpfbssln5hikm2vttf688
DELETED: "Navigation *G [2016-05-21]" jhfnnlq162vo95d50goqq06jn4
DELETED: "CRMRA Region Meeting [2016-05-21]" plog7skaat2447ve51um0va0vo
DELETED: "Tracking *G [2016-05-22]" ruvjq7e9891nsvv0b11veskpj8
DELETED: "MRA Conference [2016-06-09]" gafjhbmeg2q2g06a49n8le9u2g
DELETED: "General Meeting [2016-06-20]" t0s9ajh67qnujohf9t5g70ss0c
DELETED: "Personal Rock Skills * [2016-06-25]" ts1ek5villrc6kuhp3tipnrg04
DELETED: "General Meeting [2016-07-18]" p9vaj3bc77tml7pj3f17jmbu44
DELETED: "DO Skills Night * [2016-07-20]" e7mo2ueml9cm0majjobro9i21s
DELETED: "Low Angle * [2016-07-23]" tl9iv30oa6rbp0loao7ktkqhe0
DELETED: "Truck Training [2016-07-24]" cmq9sm2a1425rgm6p15rkfvsvo
DELETED: "Quarterly Leadership Meeting [2016-07-27]" r4d7e1npupg3cpds794sl92jdg
DELETED: "DO Skills Night * [2016-08-10]" gduf513podgi3sepm3bcd1ohpo
DELETED: "General Meeting [2016-08-15]" 4rkc192ethbmr1dfb4sl7skmo4
DELETED: "Basic Tech * [2016-08-20]" 29a6jaabojm7p6pldknbso6ol4
DELETED: "CRMRA Region Meeting [2016-09-17]" nvmgjnqfn99pgr6ms9a42j0bd4
DELETED: "General Meeting [2016-09-19]" q6jhcrsv229l4veqphtn5kifro
DELETED: "Advanced Tech [2016-09-23]" kh7te2khb1t2ukdl87kbr29dd4
DELETED: "Practice Search G [2016-10-01]" 219nscl70vigl2kl8q0n1v63ps
DELETED: "OL Training [2016-10-02]" 6r6ktpgecpfk4upsgn5gtqpkkc
DELETED: "General Meeting [2016-10-17]" 8gh3o376a0mhhpvb9usq4qqug0
DELETED: "Medical Skills *G [2016-10-22]" 8m0qdsbred6hvcqett4lvvkf2k
DELETED: "Quarterly Leadership Meeting [2016-10-26]" dln4m63hnvqb6d3jps08r0i27c
DELETED: "General Meeting (not 3rd Monday) [2016-11-14]" 1eedljln0r1ij8dj6sjfe31il4
DELETED: "Search Management / SAR Topo * [2016-11-19]" 9he0os25vpt6luvkq84p9f2ro4
DELETED: "Heli Training [2016-11-20]" qaeqon64pjmmj7rv4fnr3kmc8c
DELETED: "Holiday Party [2016-12-03]" c3rj03qceq7ufu0kvqabf2vqfc
DELETED: "Skills Weekend / Make up Training * [2016-12-10]" 2007e3dmlt6g5i24ckcvgmhjis
CREATED: "General Meeting  (not 3rd Monday) [2015-01-12]"
CREATED: "Qrtly Leadership Mtg [2015-01-21]"
CREATED: "Snow Skills [2015-01-24]"
CREATED: "Recert Skills Night [2015-01-28]"
CREATED: "MRA Recert Training [2015-02-07]"
CREATED: "Bay Area Joint MRA training [2015-02-07]"
CREATED: "Guest Mock Search [2015-02-08]"
CREATED: "General Meeting (Not 3rd Monday) [2015-02-09]"
CREATED: "BASARC MLPI (weekend 1) [2015-02-14]"
CREATED: "Recert Skills Night [2015-02-18]"
CREATED: "BASARC MLPI (weekend 2) [2015-02-21]"
CREATED: "CRMRA Recert Prep Training  [2015-02-21]"
CREATED: "SO Driver's Training Practical Component [2015-02-28]"
CREATED: "Tech Rescue Re-Accreditation [2015-03-07]"
CREATED: "General Meeting [2015-03-16]"
CREATED: "Marin SAR Training [2015-03-28]"
CREATED: "Glacier / Crevasse Rescue [2015-03-28]"
CREATED: "General Meeting (not 3rd Monday) [2015-04-13]"
CREATED: "SAR Basic * [2015-04-18]"
CREATED: "Trainee Applications Due [2015-04-27]"
CREATED: "Shasta Ski Mountaineering Training [2015-05-01]"
CREATED: "Qrtly Leadership Mtg [2015-05-06]"
CREATED: "Trainee Interviews -- Day 1 [2015-05-09]"
CREATED: "Trainee Interviews -- Day 2 [2015-05-10]"
CREATED: "Trainee Class Announced [2015-05-15]"
CREATED: "General Meeting [2015-05-18]"
CREATED: "Navigation Skills * [2015-05-31]"
CREATED: "Skills Night: Purcell Prusiks [2015-06-10]"
CREATED: "General Meeting [2015-06-15]"
CREATED: "Personal Rock Skills * [2015-06-20]"
CREATED: "Western States 100 [2015-06-27]"
CREATED: "Small Alpine - Chiquito Pass [2015-07-10]"
CREATED: "Drivers Training: Classroom [2015-07-15]"
CREATED: "Drivers Training: Practical [2015-07-18]"
CREATED: "General Meeting [2015-07-20]"
CREATED: "Lost Person Behavior Skills Night [2015-07-22]"
CREATED: "Low Angle Rescue * [2015-07-25]"
CREATED: "Search Practice/Helicopter Safety [2015-07-26]"
CREATED: "Qrtly Leadership Mtg [2015-07-29]"
CREATED: "DO Skills Night * [2015-08-04]"
CREATED: "CANCELLED: Small Alpine: Billy's Peak [2015-08-07]"
CREATED: "Low Angle Skills Night [2015-08-11]"
CREATED: "Small Alpine Three Sister's Peak [2015-08-14]"
CREATED: "Starr King Small Alpine [2015-08-14]"
CREATED: "General Meeting [2015-08-17]"
CREATED: "Qrtly Leadership Mtg (backup date) [2015-08-19]"
CREATED: "Basic Technical Rescue * [2015-08-22]"
CREATED: "Tech Rescue Skills Night [2015-09-09]"
CREATED: "SAREX [2015-09-11]"
CREATED: "Search Management / OP 0 [2015-09-19]"
CREATED: "General Meeting [2015-09-21]"
CREATED: "Small Alpine: Tenaya Canyon Descent  [2015-09-25]"
CREATED: "Small Alpine: Tenaya Canyon Ascent [2015-09-25]"
CREATED: "Tech Rescue Skills Night [2015-09-30]"
CREATED: "Search Practice [2015-10-03]"
CREATED: "Operations Leader Training [2015-10-04]"
CREATED: "Early Election Nominations Close [2015-10-05]"
CREATED: "Early Election Polls Close [2015-10-15]"
CREATED: "Dog Flanking Training [2015-10-17]"
CREATED: "Truck On-Road Training [2015-10-18]"
CREATED: "General Meeting [2015-10-19]"
CREATED: "Medical Skills * [2015-10-24]"
CREATED: "Balloon Dome Small Alpine [2015-10-29]"
CREATED: "General Election Nominations Close [2015-11-02]"
CREATED: " Qrtly Leadership Mtg [2015-11-11]"
CREATED: "General Election Polls Close [2015-11-12]"
CREATED: "Skills Night: Nov. 12th [2015-11-12]"
CREATED: "General Meeting [2015-11-16]"
CREATED: "Adv. Search / Tracking / Low Angle * [2015-11-21]"
CREATED: "Practice Search * [2015-11-22]"
CREATED: "SO Drivers Training Classroom [2015-12-03]"
CREATED: "Holiday Party [2015-12-05]"
CREATED: "SO Drivers Training Practical [2015-12-12]"
CREATED: "New Truck Training [2015-12-12]"
CREATED: "General Meeting (not 3rd Monday) [2015-12-14]"
CREATED: "BAMRU Dues Renewal [2015-12-15]"
CREATED: "Skills/Sign off weekend - Sunday [2015-12-20]"
CREATED: "General Meeting  (not 3rd Monday) [2016-01-11]"
CREATED: "Winter Gear Skills Night [2016-01-12]"
CREATED: "Qrtly Leadership Mtg [2016-01-20]"
CREATED: "CRMRA Snow and Ice Workshop [2016-01-22]"
CREATED: "Snow Skills * [2016-01-23]"
CREATED: "Snow and Ice Recert Skills Night [2016-01-27]"
CREATED: "MRA Business Meeting [2016-02-05]"
CREATED: "Snow and Ice Recert Prep: Tech Rescue Focus [2016-02-06]"
CREATED: "Guest Mock Search G [2016-02-07]"
CREATED: "General Meeting (Not 3rd Monday) [2016-02-08]"
CREATED: "Snow and Ice Recert Skills Night [2016-02-10]"
CREATED: "CRMRA Snow and Ice Workshop [2016-02-19]"
CREATED: "Snow and Ice Recert Training [2016-02-20]"
CREATED: "Snow and Ice Re-Accreditation [2016-03-05]"
CREATED: "Snow Camping *G [2016-03-19]"
CREATED: "General Meeting [2016-03-21]"
CREATED: "General Meeting (not 3rd Monday) [2016-04-11]"
CREATED: "SAR Basic *G [2016-04-16]"
CREATED: "Quarterly Leadership meeting [2016-04-20]"
CREATED: "Trainee Applications Due [2016-04-25]"
CREATED: "Trainee Interviews [2016-05-07]"
CREATED: "Trainee Class Announced [2016-05-13]"
CREATED: "General Meeting [2016-05-16]"
CREATED: "CRMRA Region Meeting [2016-05-21]"
CREATED: "Navigation *G [2016-05-21]"
CREATED: "Tracking *G [2016-05-22]"
CREATED: "MRA Conference [2016-06-09]"
CREATED: "General Meeting [2016-06-20]"
CREATED: "Personal Rock Skills * [2016-06-25]"
CREATED: "General Meeting [2016-07-18]"
CREATED: "DO Skills Night * [2016-07-20]"
CREATED: "Low Angle * [2016-07-23]"
CREATED: "Truck Training [2016-07-24]"
CREATED: "Quarterly Leadership Meeting [2016-07-27]"
CREATED: "DO Skills Night * [2016-08-10]"
CREATED: "General Meeting [2016-08-15]"
CREATED: "Basic Tech * [2016-08-20]"
CREATED: "CRMRA Region Meeting [2016-09-17]"
CREATED: "General Meeting [2016-09-19]"
CREATED: "Advanced Tech [2016-09-23]"
CREATED: "Practice Search G [2016-10-01]"
CREATED: "OL Training [2016-10-02]"
CREATED: "General Meeting [2016-10-17]"
CREATED: "Medical Skills *G [2016-10-22]"
CREATED: "Quarterly Leadership Meeting [2016-10-26]"
CREATED: "General Meeting (not 3rd Monday) [2016-11-14]"
CREATED: "Search Management / SAR Topo * [2016-11-19]"
CREATED: "Heli Training [2016-11-20]"
CREATED: "Holiday Party [2016-12-03]"
CREATED: "Skills Weekend / Make up Training * [2016-12-10]"
----------------------------------------------------------------------
----------- GCAL SYNC - 16-01-12 21:33 - MM_ENV=production -----------
----------------------------------------------------------------------
----------- GCAL SYNC - 16-01-12 22:20 - MM_ENV=production -----------
DELETED: "Skills/Sign off weekend - Sunday [2015-12-20]" ls0d45genib80o37qkd2i2eh7o
DELETED: "Qrtly Leadership Mtg [2016-01-20]" 6dmi8r0g87kl9d3hv295v8nr40
DELETED: "Snow Skills * [2016-01-23]" ditrkrr03kd1e902e7nofg5a1k
DELETED: "Snow and Ice Recert Skills Night [2016-01-27]" u7hhhpniekdkuqscjehupnb3kg
DELETED: "Snow and Ice Recert Prep: Tech Rescue Focus [2016-02-06]" 413tvofc4pr3q5h4r8pk9gpfhc
CREATED: "Skills/Sign Off Weekend - Sunday [2015-12-20]"
CREATED: "Qrtly Leadership Mtg [2016-01-20]"
CREATED: "Snow Skills * [2016-01-23]"
CREATED: "Snow and Ice Recert Skills Night [2016-01-27]"
CREATED: "Snow and Ice Recert Prep: Tech Rescue [2016-02-06]"
----------------------------------------------------------------------
----------- GCAL SYNC - 16-01-12 22:30 - MM_ENV=production -----------
DELETED: "Winter Gear Skills Night [2016-01-12]" 7i1u3g6r92v400r3u6jl8l06a4
CREATED: "Winter Gear Skills Night [2016-01-12]"
